omegalib data search paths:
::: /home/evl/sampath/dev/earth/data
::: /data/evl/omegalib-user/core
omegalib application config lookup:
::: trying orun/orun.cfg
::: not found, trying orun.cfg
::: not found, trying default.cfg
::: found config: default.cfg
>>>>>>>>>>>>>>>>>>>>>>>>>>>>>>>>>>>>>>>>>>>>>>>>>>>>>>>>>>>>>>>>>>>>>>>>>>>>>>>> OMEGALIB BOOT
SystemManager::setup
Opened config file: default.cfg
SystemManager::setup: systemConfig = evl/lyra-xinerama.cfg
Opened config file: evl/lyra-xinerama.cfg
SharedDataServices::registerObject: queuing interp for registration
!!! WARNING: could not find a local omegalib python installation. 
Omegalib will attempt to use the system python interpreter (if available)
PythonInterpreter::addPythonPath: ./
PythonInterpreter::addPythonPath: /data/evl/omegalib-user/build/bin/
PythonInterpreter::addPythonPath: /data/evl/omegalib-user/core/modules
PythonInterpreter: starting interactive shell thread.
omegaPythonApiInit()
Python Interpreter initialized.
SystemManager::setupDisplaySystem: type = Equalizer
Bezel size: 0.005 0.005
canvas pixel size: 24588 3072
ModuleServices::addModule: OmegaViewer
Service added: NetService
ServiceManager::initialize
Event buffer allocated. Max events: 512
<<<<<<<<<<<<<<<<<<<<<<<<<<<<<<<<<<<<<<<<<<<<<<<<<<<<<<<<<<<<<<<<<<<<<<<<<<<<<<<< OMEGALIB BOOT


>>>>>>>>>>>>>>>>>>>>>>>>>>>>>>>>>>>>>>>>>>>>>>>>>>>>>>>>>>>>>>>>>>>>>>>>>>>>>>>> DISPLAY INITIALIZATION
[EQ] ConfigImpl::ConfigImpl
[EQ] ConfigImpl::init
ModuleServices::addModule: EventSharingModule
Console: adding log listener
ModuleServices::addModule: console
Camera controller: wand
ModuleServices::addModule: CameraController
SoundManager: Connected to server, will send messages to xenakis.evl.uic.edu on port 57120
Engine: Checking if sound server is ready at xenakis.evl.uic.edu on port 57120... (Waiting for 5 seconds)
Engine: Sound server reports ready.
Death switch timeout: 240 seconds
<<<<<<<<<<<<<<<<<<<<<<<<<<<<<<<<<<<<<<<<<<<<<<<<<<<<<<<<<<<<<<<<<<<<<<<<<<<<<<<< DISPLAY INITIALIZATION


>>>>>>>>>>>>>>>>>>>>>>>>>>>>>>>>>>>>>>>>>>>>>>>>>>>>>>>>>>>>>>>>>>>>>>>>>>>>>>>> APPLICATION LOOP
!!! EventSharingModule::share: server not initialized yet. Ignoring call.
!!! EventSharingModule::share: server not initialized yet. Ignoring call.
!!! EventSharingModule::share: server not initialized yet. Ignoring call.
!!! EventSharingModule::share: server not initialized yet. Ignoring call.
!!! EventSharingModule::share: server not initialized yet. Ignoring call.
!!! EventSharingModule::share: server not initialized yet. Ignoring call.
!!! EventSharingModule::share: server not initialized yet. Ignoring call.
!!! EventSharingModule::share: server not initialized yet. Ignoring call.
!!! EventSharingModule::share: server not initialized yet. Ignoring call.
!!! EventSharingModule::share: server not initialized yet. Ignoring call.
!!! EventSharingModule::share: server not initialized yet. Ignoring call.
!!! EventSharingModule::share: server not initialized yet. Ignoring call.
!!! EventSharingModule::share: server not initialized yet. Ignoring call.
!!! EventSharingModule::share: server not initialized yet. Ignoring call.
!!! EventSharingModule::share: server not initialized yet. Ignoring call.
!!! EventSharingModule::share: server not initialized yet. Ignoring call.
!!! EventSharingModule::share: server not initialized yet. Ignoring call.
!!! EventSharingModule::share: server not initialized yet. Ignoring call.
!!! EventSharingModule::share: server not initialized yet. Ignoring call.
!!! EventSharingModule::share: server not initialized yet. Ignoring call.
!!! EventSharingModule::share: server not initialized yet. Ignoring call.
!!! EventSharingModule::share: server not initialized yet. Ignoring call.
!!! EventSharingModule::share: server not initialized yet. Ignoring call.
!!! EventSharingModule::share: server not initialized yet. Ignoring call.
!!! EventSharingModule::share: server not initialized yet. Ignoring call.
!!! EventSharingModule::share: server not initialized yet. Ignoring call.
!!! EventSharingModule::share: server not initialized yet. Ignoring call.
!!! EventSharingModule::share: server not initialized yet. Ignoring call.
!!! EventSharingModule::share: server not initialized yet. Ignoring call.
!!! EventSharingModule::share: server not initialized yet. Ignoring call.
!!! EventSharingModule::share: server not initialized yet. Ignoring call.
!!! EventSharingModule::share: server not initialized yet. Ignoring call.
!!! EventSharingModule::share: server not initialized yet. Ignoring call.
!!! EventSharingModule::share: server not initialized yet. Ignoring call.
!!! EventSharingModule::share: server not initialized yet. Ignoring call.
!!! EventSharingModule::share: server not initialized yet. Ignoring call.
!!! EventSharingModule::share: server not initialized yet. Ignoring call.
!!! EventSharingModule::share: server not initialized yet. Ignoring call.
!!! EventSharingModule::share: server not initialized yet. Ignoring call.
!!! EventSharingModule::share: server not initialized yet. Ignoring call.
!!! EventSharingModule::share: server not initialized yet. Ignoring call.
!!! EventSharingModule::share: server not initialized yet. Ignoring call.
!!! EventSharingModule::share: server not initialized yet. Ignoring call.
!!! EventSharingModule::share: server not initialized yet. Ignoring call.
!!! EventSharingModule::share: server not initialized yet. Ignoring call.
!!! EventSharingModule::share: server not initialized yet. Ignoring call.
!!! EventSharingModule::share: server not initialized yet. Ignoring call.
!!! EventSharingModule::share: server not initialized yet. Ignoring call.
!!! EventSharingModule::share: server not initialized yet. Ignoring call.
!!! EventSharingModule::share: server not initialized yet. Ignoring call.
!!! EventSharingModule::share: server not initialized yet. Ignoring call.
!!! EventSharingModule::share: server not initialized yet. Ignoring call.
!!! EventSharingModule::share: server not initialized yet. Ignoring call.
!!! EventSharingModule::share: server not initialized yet. Ignoring call.
!!! EventSharingModule::share: server not initialized yet. Ignoring call.
!!! EventSharingModule::share: server not initialized yet. Ignoring call.
!!! EventSharingModule::share: server not initialized yet. Ignoring call.
!!! EventSharingModule::share: server not initialized yet. Ignoring call.
!!! EventSharingModule::share: server not initialized yet. Ignoring call.
!!! EventSharingModule::share: server not initialized yet. Ignoring call.
Creating death switch thread
omegaToolkitPythonApiInit()
cyclopsPythonApiInit()
PythonInterpreter::runFile: running default_init.py
ModuleServices::addModule: MenuManager
ModuleServices::addModule: UiModule
UiModule initializing...
UiModule initialization OK
Connected: setting cache
Done message received
TcpConnection::handleClosed (id=0)
CacheSyncThread:threadProc(): END
Loaded buffer ID 10 with path menu_sounds/menu_load.wav
Connected: setting cache
Done message received
TcpConnection::handleClosed (id=0)
CacheSyncThread:threadProc(): END
Loaded buffer ID 11 with path menu_sounds/menu_closed.wav
Connected: setting cache
Done message received
TcpConnection::handleClosed (id=0)
CacheSyncThread:threadProc(): END
Loaded buffer ID 12 with path menu_sounds/menu_select.wav
Connected: setting cache
Done message received
TcpConnection::handleClosed (id=0)
CacheSyncThread:threadProc(): END
Loaded buffer ID 13 with path menu_sounds/menu_scroll.wav



---------------------------------------------------------------------
Welcome to orun!
	omegalib version 5.2-alpha3
	To get a list of quick commands type :?
	Type :? . to list all global symbols
	Type :? C to list all members of class or variable `C`
		example :? SceneNode
	Type :? ./C [prefix] to list global symbols or object members starting with `prefix`
		example :? . si
		example :? SceneNode set




PythonInterpreter::runFile: running project_earth.py
!!! PythonInterpreter: script not found: project_earth.py
EqualizerDisplaySystem::killCluster
number of nodes: 37
