omegalib data search paths:
::: /home/evl/sampath/dev/earth
::: /data/evl/omegalib-user/core
omegalib application config lookup:
::: trying orun/orun.cfg
::: not found, trying orun.cfg
::: not found, trying default.cfg
::: found config: default.cfg
>>>>>>>>>>>>>>>>>>>>>>>>>>>>>>>>>>>>>>>>>>>>>>>>>>>>>>>>>>>>>>>>>>>>>>>>>>>>>>>> OMEGALIB BOOT
SystemManager::setup
Opened config file: default.cfg
SystemManager::setup: systemConfig = evl/lyra-xinerama.cfg
Opened config file: evl/lyra-xinerama.cfg
SharedDataServices::registerObject: queuing interp for registration
!!! WARNING: could not find a local omegalib python installation. 
Omegalib will attempt to use the system python interpreter (if available)
PythonInterpreter::addPythonPath: ./
PythonInterpreter::addPythonPath: /data/evl/omegalib-user/build/bin/
PythonInterpreter::addPythonPath: /data/evl/omegalib-user/core/modules
PythonInterpreter: starting interactive shell thread.
omegaPythonApiInit()
Python Interpreter initialized.
SystemManager::setupDisplaySystem: type = Equalizer
Bezel size: 0.005 0.005
canvas pixel size: 24588 3072
ModuleServices::addModule: OmegaViewer
Service added: NetService
ServiceManager::initialize
Event buffer allocated. Max events: 512
<<<<<<<<<<<<<<<<<<<<<<<<<<<<<<<<<<<<<<<<<<<<<<<<<<<<<<<<<<<<<<<<<<<<<<<<<<<<<<<< OMEGALIB BOOT


>>>>>>>>>>>>>>>>>>>>>>>>>>>>>>>>>>>>>>>>>>>>>>>>>>>>>>>>>>>>>>>>>>>>>>>>>>>>>>>> DISPLAY INITIALIZATION
[EQ] ConfigImpl::ConfigImpl
[EQ] ConfigImpl::init
ModuleServices::addModule: EventSharingModule
Console: adding log listener
ModuleServices::addModule: console
Camera controller: wand
ModuleServices::addModule: CameraController
SoundManager: Connected to server, will send messages to xenakis.evl.uic.edu on port 57120
Engine: Checking if sound server is ready at xenakis.evl.uic.edu on port 57120... (Waiting for 5 seconds)
Engine: Failed to start sound server. Sound disabled.
Death switch timeout: 240 seconds
<<<<<<<<<<<<<<<<<<<<<<<<<<<<<<<<<<<<<<<<<<<<<<<<<<<<<<<<<<<<<<<<<<<<<<<<<<<<<<<< DISPLAY INITIALIZATION


>>>>>>>>>>>>>>>>>>>>>>>>>>>>>>>>>>>>>>>>>>>>>>>>>>>>>>>>>>>>>>>>>>>>>>>>>>>>>>>> APPLICATION LOOP
!!! EventSharingModule::share: server not initialized yet. Ignoring call.
!!! EventSharingModule::share: server not initialized yet. Ignoring call.
!!! EventSharingModule::share: server not initialized yet. Ignoring call.
!!! EventSharingModule::share: server not initialized yet. Ignoring call.
!!! EventSharingModule::share: server not initialized yet. Ignoring call.
!!! EventSharingModule::share: server not initialized yet. Ignoring call.
!!! EventSharingModule::share: server not initialized yet. Ignoring call.
!!! EventSharingModule::share: server not initialized yet. Ignoring call.
!!! EventSharingModule::share: server not initialized yet. Ignoring call.
!!! EventSharingModule::share: server not initialized yet. Ignoring call.
!!! EventSharingModule::share: server not initialized yet. Ignoring call.
!!! EventSharingModule::share: server not initialized yet. Ignoring call.
!!! EventSharingModule::share: server not initialized yet. Ignoring call.
!!! EventSharingModule::share: server not initialized yet. Ignoring call.
!!! EventSharingModule::share: server not initialized yet. Ignoring call.
!!! EventSharingModule::share: server not initialized yet. Ignoring call.
!!! EventSharingModule::share: server not initialized yet. Ignoring call.
!!! EventSharingModule::share: server not initialized yet. Ignoring call.
!!! EventSharingModule::share: server not initialized yet. Ignoring call.
!!! EventSharingModule::share: server not initialized yet. Ignoring call.
!!! EventSharingModule::share: server not initialized yet. Ignoring call.
!!! EventSharingModule::share: server not initialized yet. Ignoring call.
!!! EventSharingModule::share: server not initialized yet. Ignoring call.
!!! EventSharingModule::share: server not initialized yet. Ignoring call.
!!! EventSharingModule::share: server not initialized yet. Ignoring call.
!!! EventSharingModule::share: server not initialized yet. Ignoring call.
!!! EventSharingModule::share: server not initialized yet. Ignoring call.
!!! EventSharingModule::share: server not initialized yet. Ignoring call.
!!! EventSharingModule::share: server not initialized yet. Ignoring call.
!!! EventSharingModule::share: server not initialized yet. Ignoring call.
!!! EventSharingModule::share: server not initialized yet. Ignoring call.
!!! EventSharingModule::share: server not initialized yet. Ignoring call.
!!! EventSharingModule::share: server not initialized yet. Ignoring call.
!!! EventSharingModule::share: server not initialized yet. Ignoring call.
!!! EventSharingModule::share: server not initialized yet. Ignoring call.
!!! EventSharingModule::share: server not initialized yet. Ignoring call.
!!! EventSharingModule::share: server not initialized yet. Ignoring call.
!!! EventSharingModule::share: server not initialized yet. Ignoring call.
!!! EventSharingModule::share: server not initialized yet. Ignoring call.
!!! EventSharingModule::share: server not initialized yet. Ignoring call.
!!! EventSharingModule::share: server not initialized yet. Ignoring call.
!!! EventSharingModule::share: server not initialized yet. Ignoring call.
!!! EventSharingModule::share: server not initialized yet. Ignoring call.
!!! EventSharingModule::share: server not initialized yet. Ignoring call.
!!! EventSharingModule::share: server not initialized yet. Ignoring call.
!!! EventSharingModule::share: server not initialized yet. Ignoring call.
!!! EventSharingModule::share: server not initialized yet. Ignoring call.
!!! EventSharingModule::share: server not initialized yet. Ignoring call.
!!! EventSharingModule::share: server not initialized yet. Ignoring call.
!!! EventSharingModule::share: server not initialized yet. Ignoring call.
!!! EventSharingModule::share: server not initialized yet. Ignoring call.
!!! EventSharingModule::share: server not initialized yet. Ignoring call.
!!! EventSharingModule::share: server not initialized yet. Ignoring call.
!!! EventSharingModule::share: server not initialized yet. Ignoring call.
!!! EventSharingModule::share: server not initialized yet. Ignoring call.
!!! EventSharingModule::share: server not initialized yet. Ignoring call.
!!! EventSharingModule::share: server not initialized yet. Ignoring call.
!!! EventSharingModule::share: server not initialized yet. Ignoring call.
!!! EventSharingModule::share: server not initialized yet. Ignoring call.
!!! EventSharingModule::share: server not initialized yet. Ignoring call.
!!! EventSharingModule::share: server not initialized yet. Ignoring call.
!!! EventSharingModule::share: server not initialized yet. Ignoring call.
!!! EventSharingModule::share: server not initialized yet. Ignoring call.
!!! EventSharingModule::share: server not initialized yet. Ignoring call.
!!! EventSharingModule::share: server not initialized yet. Ignoring call.
!!! EventSharingModule::share: server not initialized yet. Ignoring call.
!!! EventSharingModule::share: server not initialized yet. Ignoring call.
!!! EventSharingModule::share: server not initialized yet. Ignoring call.
!!! EventSharingModule::share: server not initialized yet. Ignoring call.
Creating death switch thread
omegaToolkitPythonApiInit()
cyclopsPythonApiInit()
PythonInterpreter::runFile: running default_init.py
ModuleServices::addModule: MenuManager
ModuleServices::addModule: UiModule
UiModule initializing...
UiModule initialization OK
Attemped to loaded buffer ID 10, but not connected to a sound server!
Attemped to loaded buffer ID 11, but not connected to a sound server!
Attemped to loaded buffer ID 12, but not connected to a sound server!
Attemped to loaded buffer ID 13, but not connected to a sound server!



---------------------------------------------------------------------
Welcome to orun!
	omegalib version 5.2-alpha3
	To get a list of quick commands type :?
	Type :? . to list all global symbols
	Type :? C to list all members of class or variable `C`
		example :? SceneNode
	Type :? ./C [prefix] to list global symbols or object members starting with `prefix`
		example :? . si
		example :? SceneNode set




PythonInterpreter::runFile: running project_earth.py
OSG Plugin Path(s): /data/evl/omegalib-user/build/bin/osg/osgPlugins-3.3.0:/data/evl/omegalib-user/build/bin/osg
ModuleServices::addModule: OsgModule
ModuleServices::addModule: SceneManager
ModelLoaderThread: start
>>>>>>>>>>>>>>>>>>>>>>>>>>>>>>>>>>>>>>>> SceneManager::loadModel
Loading model bing.earth
Optimizing model
<<<<<<<<<<<<<<<<<<<<<<<<<<<<<<<<<<<<<<<< SceneManager::loadModel

Creating vertex shader cyclops/common/colored.vert
Loading shader: cyclops/common/colored.vert
Creating fragment shader cyclops/common/colored-emissive.frag
!!! Could not find shader file cyclops/common/colored-emissive.frag
Creating vertex shader cyclops/common/textured.vert
Loading shader: cyclops/common/textured.vert
Creating fragment shader cyclops/common/textured.frag
Loading shader: cyclops/common/textured.frag
Loaded Bing Hybrid Model.............................ok
>>>>>>>>>>>>>>>>>>>>>>>>>>>>>>>>>>>>>>>> SceneManager::loadModel
Loading model bingaerial.earth
Optimizing model
<<<<<<<<<<<<<<<<<<<<<<<<<<<<<<<<<<<<<<<< SceneManager::loadModel

Loaded Bing Aerial Model ............................ok
>>>>>>>>>>>>>>>>>>>>>>>>>>>>>>>>>>>>>>>> SceneManager::loadModel
Loading model bingroad.earth
Optimizing model
<<<<<<<<<<<<<<<<<<<<<<<<<<<<<<<<<<<<<<<< SceneManager::loadModel

Loaded Bing Road Model ...............................ok
>>>>>>>>>>>>>>>>>>>>>>>>>>>>>>>>>>>>>>>> SceneManager::loadModel
Loading model bingnoelevation.earth
Optimizing model
<<<<<<<<<<<<<<<<<<<<<<<<<<<<<<<<<<<<<<<< SceneManager::loadModel

Loaded Bing Hybrid Model Without Elevation.............................ok
>>>>>>>>>>>>>>>>>>>>>>>>>>>>>>>>>>>>>>>> SceneManager::loadModel
Loading model bingaerialnoelevation.earth
Optimizing model
<<<<<<<<<<<<<<<<<<<<<<<<<<<<<<<<<<<<<<<< SceneManager::loadModel

Loaded Bing Aerial Model Without Elevation............................ok
>>>>>>>>>>>>>>>>>>>>>>>>>>>>>>>>>>>>>>>> SceneManager::loadModel
Loading model bingroadnoelevation.earth
Optimizing model
<<<<<<<<<<<<<<<<<<<<<<<<<<<<<<<<<<<<<<<< SceneManager::loadModel

Loaded Bing Road Model Without Elevation...............................ok
Creating vertex shader ./atmosphere.vert
Loading shader: ./atmosphere.vert
Creating fragment shader ./atmosphere.frag
Loading shader: ./atmosphere.frag
>>>>>>>>>>>>>>>>>>>>>>>>>>>>>>>>>>>>>>>> SceneManager::loadModel
Loading model data/textures/sky.fbx
Optimizing model
<<<<<<<<<<<<<<<<<<<<<<<<<<<<<<<<<<<<<<<< SceneManager::loadModel

Creating fragment shader cyclops/common/textured-emissive.frag
Loading shader: cyclops/common/textured-emissive.frag
Creating fragment shader cyclops/common/colored.frag
Loading shader: cyclops/common/colored.frag
7218 records of cities
300 line of data in Divvy csv.............................Loaded
Creating vertex shader cyclops/common/textured.vert.1-a58681afa5454305
Creating fragment shader cyclops/common/textured.frag.1-a58681afa5454305
Creating vertex shader cyclops/common/colored.vert.1-a58681afa5454305
Creating fragment shader cyclops/common/colored.frag.1-a58681afa5454305
Creating fragment shader cyclops/common/colored-emissive.frag.1-a58681afa5454305
!!! Could not find shader file cyclops/common/colored-emissive.frag
Creating vertex shader ./atmosphere.vert.1-a58681afa5454305
Creating fragment shader ./atmosphere.frag.1-a58681afa5454305
Creating fragment shader cyclops/common/textured-emissive.frag.1-a58681afa5454305
---------------------------Dictionary from getLocationbyQuery-----------------------------
{0: [41.88425064086914, -87.6324462890625, 'IL', 'United States', 'Chicago', 'Chicago, IL'], 1: [41.78451919555664, -87.8048095703125, 'IL', 'United States', 'Summit', 'Summit, IL']}
Target - hit Hybrid mode...........................False
0.0 m
-----------------------Update Pinned Containers -----------------------------
0
---------------------------Dictionary from getLocationbyQuery-----------------------------
{0: [37.77711868286133, -122.41963958740234, 'CA', 'United States', 'San Francisco', 'San Francisco, CA'], 1: [10.570549964904785, -71.63165283203125, 'Zulia', 'Venezuela', 'San Francisco', 'San Francisco, Venezuela'], 2: [-31.416189193725586, -62.085960388183594, 'Cordoba', 'Argentina', 'San Francisco', 'San Francisco, Argentina'], 3: [13.371520042419434, 122.50750732421875, 'Calabarzon', 'Philippines', 'San Francisco', 'San Francisco, Philippines'], 4: [1.1828399896621704, -76.89881896972656, 'Putumayo', 'Colombia', 'San Francisco', 'San Francisco, Colombia']}
EqualizerDisplaySystem::killCluster
number of nodes: 37
